2019-07-13 09:59:28.679 [main] INFO  o.s.b.t.context.SpringBootTestContextBootstrapper-Neither @ContextConfiguration nor @ContextHierarchy found for test class [com.example.ming.MingApplicationTests], using SpringBootContextLoader
2019-07-13 09:59:28.685 [main] INFO  o.s.test.context.support.AbstractContextLoader-Could not detect default resource locations for test class [com.example.ming.MingApplicationTests]: no resource found for suffixes {-context.xml, Context.groovy}.
2019-07-13 09:59:28.686 [main] INFO  o.s.t.c.support.AnnotationConfigContextLoaderUtils-Could not detect default configuration classes for test class [com.example.ming.MingApplicationTests]: MingApplicationTests does not declare any static, non-private, non-final, nested classes annotated with @Configuration.
2019-07-13 09:59:28.824 [main] INFO  o.s.b.t.context.SpringBootTestContextBootstrapper-Found @SpringBootConfiguration com.example.ming.MingApplication for test class com.example.ming.MingApplicationTests
2019-07-13 09:59:28.963 [main] INFO  o.s.b.t.context.SpringBootTestContextBootstrapper-Loaded default TestExecutionListener class names from location [META-INF/spring.factories]: [org.springframework.boot.test.mock.mockito.MockitoTestExecutionListener, org.springframework.boot.test.mock.mockito.ResetMocksTestExecutionListener, org.springframework.boot.test.autoconfigure.restdocs.RestDocsTestExecutionListener, org.springframework.boot.test.autoconfigure.web.client.MockRestServiceServerResetTestExecutionListener, org.springframework.boot.test.autoconfigure.web.servlet.MockMvcPrintOnlyOnFailureTestExecutionListener, org.springframework.boot.test.autoconfigure.web.servlet.WebDriverTestExecutionListener, org.springframework.test.context.web.ServletTestExecutionListener, org.springframework.test.context.support.DirtiesContextBeforeModesTestExecutionListener, org.springframework.test.context.support.DependencyInjectionTestExecutionListener, org.springframework.test.context.support.DirtiesContextTestExecutionListener, org.springframework.test.context.transaction.TransactionalTestExecutionListener, org.springframework.test.context.jdbc.SqlScriptsTestExecutionListener]
2019-07-13 09:59:28.985 [main] INFO  o.s.b.t.context.SpringBootTestContextBootstrapper-Using TestExecutionListeners: [org.springframework.test.context.web.ServletTestExecutionListener@c333c60, org.springframework.test.context.support.DirtiesContextBeforeModesTestExecutionListener@79da8dc5, org.springframework.boot.test.mock.mockito.MockitoTestExecutionListener@1eb5174b, org.springframework.boot.test.autoconfigure.SpringBootDependencyInjectionTestExecutionListener@67080771, org.springframework.test.context.support.DirtiesContextTestExecutionListener@72cde7cc, org.springframework.test.context.transaction.TransactionalTestExecutionListener@5fd4f8f5, org.springframework.test.context.jdbc.SqlScriptsTestExecutionListener@696da30b, org.springframework.boot.test.mock.mockito.ResetMocksTestExecutionListener@4e7912d8, org.springframework.boot.test.autoconfigure.restdocs.RestDocsTestExecutionListener@53976f5c, org.springframework.boot.test.autoconfigure.web.client.MockRestServiceServerResetTestExecutionListener@2bfc268b, org.springframework.boot.test.autoconfigure.web.servlet.MockMvcPrintOnlyOnFailureTestExecutionListener@2f8dad04, org.springframework.boot.test.autoconfigure.web.servlet.WebDriverTestExecutionListener@29e495ff]
2019-07-13 09:59:29.445 [main] INFO  com.example.ming.MingApplicationTests-Starting MingApplicationTests on DESKTOP-PU4QPIV with PID 13176 (started by nikekun in F:\ming)
2019-07-13 09:59:29.445 [main] INFO  com.example.ming.MingApplicationTests-The following profiles are active: test
2019-07-13 09:59:30.537 [main] WARN  org.mybatis.spring.mapper.ClassPathMapperScanner-No MyBatis mapper was found in '[com.example.ming]' package. Please check your configuration.
2019-07-13 09:59:30.982 [main] INFO  o.s.c.s.PostProcessorRegistrationDelegate$BeanPostProcessorChecker-Bean 'org.springframework.transaction.annotation.ProxyTransactionManagementConfiguration' of type [org.springframework.transaction.annotation.ProxyTransactionManagementConfiguration$$EnhancerBySpringCGLIB$$6c31d000] is not eligible for getting processed by all BeanPostProcessors (for example: not eligible for auto-proxying)
2019-07-13 09:59:31.585 [main] INFO  s.d.s.w.PropertySourcedRequestMappingHandlerMapping-Mapped URL path [/v2/api-docs] onto method [public org.springframework.http.ResponseEntity<springfox.documentation.spring.web.json.Json> springfox.documentation.swagger2.web.Swagger2Controller.getDocumentation(java.lang.String,javax.servlet.http.HttpServletRequest)]
2019-07-13 09:59:32.168 [main] INFO  o.s.scheduling.concurrent.ThreadPoolTaskExecutor-Initializing ExecutorService 'applicationTaskExecutor'
2019-07-13 09:59:32.833 [main] INFO  s.d.s.web.plugins.DocumentationPluginsBootstrapper-Context refreshed
2019-07-13 09:59:32.868 [main] INFO  s.d.s.web.plugins.DocumentationPluginsBootstrapper-Found 1 custom documentation plugin(s)
2019-07-13 09:59:32.914 [main] INFO  s.d.spring.web.scanners.ApiListingReferenceScanner-Scanning for api listing references
2019-07-13 09:59:33.156 [main] INFO  com.example.ming.MingApplicationTests-Started MingApplicationTests in 4.117 seconds (JVM running for 5.148)
2019-07-13 09:59:33.525 [Thread-2] INFO  o.s.scheduling.concurrent.ThreadPoolTaskExecutor-Shutting down ExecutorService 'applicationTaskExecutor'
2019-07-13 11:11:37.990 [main] INFO  o.s.b.t.context.SpringBootTestContextBootstrapper-Neither @ContextConfiguration nor @ContextHierarchy found for test class [com.example.ming.MingApplicationTests], using SpringBootContextLoader
2019-07-13 11:11:37.997 [main] INFO  o.s.test.context.support.AbstractContextLoader-Could not detect default resource locations for test class [com.example.ming.MingApplicationTests]: no resource found for suffixes {-context.xml, Context.groovy}.
2019-07-13 11:11:37.998 [main] INFO  o.s.t.c.support.AnnotationConfigContextLoaderUtils-Could not detect default configuration classes for test class [com.example.ming.MingApplicationTests]: MingApplicationTests does not declare any static, non-private, non-final, nested classes annotated with @Configuration.
2019-07-13 11:11:38.138 [main] INFO  o.s.b.t.context.SpringBootTestContextBootstrapper-Found @SpringBootConfiguration com.example.ming.MingApplication for test class com.example.ming.MingApplicationTests
2019-07-13 11:11:38.297 [main] INFO  o.s.b.t.context.SpringBootTestContextBootstrapper-Loaded default TestExecutionListener class names from location [META-INF/spring.factories]: [org.springframework.boot.test.mock.mockito.MockitoTestExecutionListener, org.springframework.boot.test.mock.mockito.ResetMocksTestExecutionListener, org.springframework.boot.test.autoconfigure.restdocs.RestDocsTestExecutionListener, org.springframework.boot.test.autoconfigure.web.client.MockRestServiceServerResetTestExecutionListener, org.springframework.boot.test.autoconfigure.web.servlet.MockMvcPrintOnlyOnFailureTestExecutionListener, org.springframework.boot.test.autoconfigure.web.servlet.WebDriverTestExecutionListener, org.springframework.test.context.web.ServletTestExecutionListener, org.springframework.test.context.support.DirtiesContextBeforeModesTestExecutionListener, org.springframework.test.context.support.DependencyInjectionTestExecutionListener, org.springframework.test.context.support.DirtiesContextTestExecutionListener, org.springframework.test.context.transaction.TransactionalTestExecutionListener, org.springframework.test.context.jdbc.SqlScriptsTestExecutionListener]
2019-07-13 11:11:38.317 [main] INFO  o.s.b.t.context.SpringBootTestContextBootstrapper-Using TestExecutionListeners: [org.springframework.test.context.web.ServletTestExecutionListener@c333c60, org.springframework.test.context.support.DirtiesContextBeforeModesTestExecutionListener@79da8dc5, org.springframework.boot.test.mock.mockito.MockitoTestExecutionListener@1eb5174b, org.springframework.boot.test.autoconfigure.SpringBootDependencyInjectionTestExecutionListener@67080771, org.springframework.test.context.support.DirtiesContextTestExecutionListener@72cde7cc, org.springframework.test.context.transaction.TransactionalTestExecutionListener@5fd4f8f5, org.springframework.test.context.jdbc.SqlScriptsTestExecutionListener@696da30b, org.springframework.boot.test.mock.mockito.ResetMocksTestExecutionListener@4e7912d8, org.springframework.boot.test.autoconfigure.restdocs.RestDocsTestExecutionListener@53976f5c, org.springframework.boot.test.autoconfigure.web.client.MockRestServiceServerResetTestExecutionListener@2bfc268b, org.springframework.boot.test.autoconfigure.web.servlet.MockMvcPrintOnlyOnFailureTestExecutionListener@2f8dad04, org.springframework.boot.test.autoconfigure.web.servlet.WebDriverTestExecutionListener@29e495ff]
2019-07-13 11:11:38.753 [main] INFO  com.example.ming.MingApplicationTests-Starting MingApplicationTests on DESKTOP-PU4QPIV with PID 14264 (started by nikekun in F:\ming)
2019-07-13 11:11:38.753 [main] INFO  com.example.ming.MingApplicationTests-The following profiles are active: test
2019-07-13 11:11:40.035 [main] WARN  org.mybatis.spring.mapper.ClassPathMapperScanner-No MyBatis mapper was found in '[com.example.ming]' package. Please check your configuration.
2019-07-13 11:11:40.508 [main] INFO  o.s.c.s.PostProcessorRegistrationDelegate$BeanPostProcessorChecker-Bean 'org.springframework.transaction.annotation.ProxyTransactionManagementConfiguration' of type [org.springframework.transaction.annotation.ProxyTransactionManagementConfiguration$$EnhancerBySpringCGLIB$$6c31d000] is not eligible for getting processed by all BeanPostProcessors (for example: not eligible for auto-proxying)
2019-07-13 11:11:41.117 [main] INFO  s.d.s.w.PropertySourcedRequestMappingHandlerMapping-Mapped URL path [/v2/api-docs] onto method [public org.springframework.http.ResponseEntity<springfox.documentation.spring.web.json.Json> springfox.documentation.swagger2.web.Swagger2Controller.getDocumentation(java.lang.String,javax.servlet.http.HttpServletRequest)]
2019-07-13 11:11:41.713 [main] INFO  o.s.scheduling.concurrent.ThreadPoolTaskExecutor-Initializing ExecutorService 'applicationTaskExecutor'
2019-07-13 11:11:42.393 [main] INFO  s.d.s.web.plugins.DocumentationPluginsBootstrapper-Context refreshed
2019-07-13 11:11:42.427 [main] INFO  s.d.s.web.plugins.DocumentationPluginsBootstrapper-Found 1 custom documentation plugin(s)
2019-07-13 11:11:42.479 [main] INFO  s.d.spring.web.scanners.ApiListingReferenceScanner-Scanning for api listing references
2019-07-13 11:11:42.688 [main] INFO  com.example.ming.MingApplicationTests-Started MingApplicationTests in 4.317 seconds (JVM running for 5.308)
2019-07-13 11:11:43.074 [Thread-2] INFO  o.s.scheduling.concurrent.ThreadPoolTaskExecutor-Shutting down ExecutorService 'applicationTaskExecutor'
2019-07-13 11:11:52.802 [main] INFO  o.s.b.t.context.SpringBootTestContextBootstrapper-Neither @ContextConfiguration nor @ContextHierarchy found for test class [com.example.ming.MingApplicationTests], using SpringBootContextLoader
2019-07-13 11:11:52.809 [main] INFO  o.s.test.context.support.AbstractContextLoader-Could not detect default resource locations for test class [com.example.ming.MingApplicationTests]: no resource found for suffixes {-context.xml, Context.groovy}.
2019-07-13 11:11:52.809 [main] INFO  o.s.t.c.support.AnnotationConfigContextLoaderUtils-Could not detect default configuration classes for test class [com.example.ming.MingApplicationTests]: MingApplicationTests does not declare any static, non-private, non-final, nested classes annotated with @Configuration.
2019-07-13 11:11:52.913 [main] INFO  o.s.b.t.context.SpringBootTestContextBootstrapper-Found @SpringBootConfiguration com.example.ming.MingApplication for test class com.example.ming.MingApplicationTests
2019-07-13 11:11:52.993 [main] INFO  o.s.b.t.context.SpringBootTestContextBootstrapper-Loaded default TestExecutionListener class names from location [META-INF/spring.factories]: [org.springframework.boot.test.mock.mockito.MockitoTestExecutionListener, org.springframework.boot.test.mock.mockito.ResetMocksTestExecutionListener, org.springframework.boot.test.autoconfigure.restdocs.RestDocsTestExecutionListener, org.springframework.boot.test.autoconfigure.web.client.MockRestServiceServerResetTestExecutionListener, org.springframework.boot.test.autoconfigure.web.servlet.MockMvcPrintOnlyOnFailureTestExecutionListener, org.springframework.boot.test.autoconfigure.web.servlet.WebDriverTestExecutionListener, org.springframework.test.context.web.ServletTestExecutionListener, org.springframework.test.context.support.DirtiesContextBeforeModesTestExecutionListener, org.springframework.test.context.support.DependencyInjectionTestExecutionListener, org.springframework.test.context.support.DirtiesContextTestExecutionListener, org.springframework.test.context.transaction.TransactionalTestExecutionListener, org.springframework.test.context.jdbc.SqlScriptsTestExecutionListener]
2019-07-13 11:11:53.007 [main] INFO  o.s.b.t.context.SpringBootTestContextBootstrapper-Using TestExecutionListeners: [org.springframework.test.context.web.ServletTestExecutionListener@c333c60, org.springframework.test.context.support.DirtiesContextBeforeModesTestExecutionListener@79da8dc5, org.springframework.boot.test.mock.mockito.MockitoTestExecutionListener@1eb5174b, org.springframework.boot.test.autoconfigure.SpringBootDependencyInjectionTestExecutionListener@67080771, org.springframework.test.context.support.DirtiesContextTestExecutionListener@72cde7cc, org.springframework.test.context.transaction.TransactionalTestExecutionListener@5fd4f8f5, org.springframework.test.context.jdbc.SqlScriptsTestExecutionListener@696da30b, org.springframework.boot.test.mock.mockito.ResetMocksTestExecutionListener@4e7912d8, org.springframework.boot.test.autoconfigure.restdocs.RestDocsTestExecutionListener@53976f5c, org.springframework.boot.test.autoconfigure.web.client.MockRestServiceServerResetTestExecutionListener@2bfc268b, org.springframework.boot.test.autoconfigure.web.servlet.MockMvcPrintOnlyOnFailureTestExecutionListener@2f8dad04, org.springframework.boot.test.autoconfigure.web.servlet.WebDriverTestExecutionListener@29e495ff]
2019-07-13 11:11:53.355 [main] INFO  com.example.ming.MingApplicationTests-Starting MingApplicationTests on DESKTOP-PU4QPIV with PID 8528 (started by nikekun in F:\ming)
2019-07-13 11:11:53.355 [main] INFO  com.example.ming.MingApplicationTests-The following profiles are active: test
2019-07-13 11:11:54.320 [main] WARN  org.mybatis.spring.mapper.ClassPathMapperScanner-No MyBatis mapper was found in '[com.example.ming]' package. Please check your configuration.
2019-07-13 11:11:54.687 [main] INFO  o.s.c.s.PostProcessorRegistrationDelegate$BeanPostProcessorChecker-Bean 'org.springframework.transaction.annotation.ProxyTransactionManagementConfiguration' of type [org.springframework.transaction.annotation.ProxyTransactionManagementConfiguration$$EnhancerBySpringCGLIB$$9f7dd97d] is not eligible for getting processed by all BeanPostProcessors (for example: not eligible for auto-proxying)
2019-07-13 11:11:55.308 [main] INFO  s.d.s.w.PropertySourcedRequestMappingHandlerMapping-Mapped URL path [/v2/api-docs] onto method [public org.springframework.http.ResponseEntity<springfox.documentation.spring.web.json.Json> springfox.documentation.swagger2.web.Swagger2Controller.getDocumentation(java.lang.String,javax.servlet.http.HttpServletRequest)]
2019-07-13 11:11:55.850 [main] INFO  o.s.scheduling.concurrent.ThreadPoolTaskExecutor-Initializing ExecutorService 'applicationTaskExecutor'
2019-07-13 11:11:56.501 [main] INFO  s.d.s.web.plugins.DocumentationPluginsBootstrapper-Context refreshed
2019-07-13 11:11:56.530 [main] INFO  s.d.s.web.plugins.DocumentationPluginsBootstrapper-Found 1 custom documentation plugin(s)
2019-07-13 11:11:56.569 [main] INFO  s.d.spring.web.scanners.ApiListingReferenceScanner-Scanning for api listing references
2019-07-13 11:11:56.758 [main] INFO  com.example.ming.MingApplicationTests-Started MingApplicationTests in 3.717 seconds (JVM running for 4.536)
2019-07-13 11:11:56.987 [Thread-2] INFO  o.s.scheduling.concurrent.ThreadPoolTaskExecutor-Shutting down ExecutorService 'applicationTaskExecutor'
2019-07-13 14:11:52.922 [main] INFO  o.s.b.t.context.SpringBootTestContextBootstrapper-Neither @ContextConfiguration nor @ContextHierarchy found for test class [com.example.ming.MingApplicationTests], using SpringBootContextLoader
2019-07-13 14:11:52.932 [main] INFO  o.s.test.context.support.AbstractContextLoader-Could not detect default resource locations for test class [com.example.ming.MingApplicationTests]: no resource found for suffixes {-context.xml, Context.groovy}.
2019-07-13 14:11:52.933 [main] INFO  o.s.t.c.support.AnnotationConfigContextLoaderUtils-Could not detect default configuration classes for test class [com.example.ming.MingApplicationTests]: MingApplicationTests does not declare any static, non-private, non-final, nested classes annotated with @Configuration.
2019-07-13 14:11:53.037 [main] INFO  o.s.b.t.context.SpringBootTestContextBootstrapper-Found @SpringBootConfiguration com.example.ming.MingApplication for test class com.example.ming.MingApplicationTests
2019-07-13 14:11:53.123 [main] INFO  o.s.b.t.context.SpringBootTestContextBootstrapper-Loaded default TestExecutionListener class names from location [META-INF/spring.factories]: [org.springframework.boot.test.mock.mockito.MockitoTestExecutionListener, org.springframework.boot.test.mock.mockito.ResetMocksTestExecutionListener, org.springframework.boot.test.autoconfigure.restdocs.RestDocsTestExecutionListener, org.springframework.boot.test.autoconfigure.web.client.MockRestServiceServerResetTestExecutionListener, org.springframework.boot.test.autoconfigure.web.servlet.MockMvcPrintOnlyOnFailureTestExecutionListener, org.springframework.boot.test.autoconfigure.web.servlet.WebDriverTestExecutionListener, org.springframework.test.context.web.ServletTestExecutionListener, org.springframework.test.context.support.DirtiesContextBeforeModesTestExecutionListener, org.springframework.test.context.support.DependencyInjectionTestExecutionListener, org.springframework.test.context.support.DirtiesContextTestExecutionListener, org.springframework.test.context.transaction.TransactionalTestExecutionListener, org.springframework.test.context.jdbc.SqlScriptsTestExecutionListener]
2019-07-13 14:11:53.141 [main] INFO  o.s.b.t.context.SpringBootTestContextBootstrapper-Using TestExecutionListeners: [org.springframework.test.context.web.ServletTestExecutionListener@1eb5174b, org.springframework.test.context.support.DirtiesContextBeforeModesTestExecutionListener@67080771, org.springframework.boot.test.mock.mockito.MockitoTestExecutionListener@72cde7cc, org.springframework.boot.test.autoconfigure.SpringBootDependencyInjectionTestExecutionListener@5fd4f8f5, org.springframework.test.context.support.DirtiesContextTestExecutionListener@696da30b, org.springframework.test.context.transaction.TransactionalTestExecutionListener@4e7912d8, org.springframework.test.context.jdbc.SqlScriptsTestExecutionListener@53976f5c, org.springframework.boot.test.mock.mockito.ResetMocksTestExecutionListener@2bfc268b, org.springframework.boot.test.autoconfigure.restdocs.RestDocsTestExecutionListener@2f8dad04, org.springframework.boot.test.autoconfigure.web.client.MockRestServiceServerResetTestExecutionListener@29e495ff, org.springframework.boot.test.autoconfigure.web.servlet.MockMvcPrintOnlyOnFailureTestExecutionListener@41e1e210, org.springframework.boot.test.autoconfigure.web.servlet.WebDriverTestExecutionListener@be35cd9]
2019-07-13 14:11:53.572 [main] INFO  com.example.ming.MingApplicationTests-Starting MingApplicationTests on DESKTOP-PU4QPIV with PID 4576 (started by nikekun in F:\ming)
2019-07-13 14:11:53.572 [main] INFO  com.example.ming.MingApplicationTests-The following profiles are active: test
2019-07-13 14:11:54.882 [main] WARN  org.mybatis.spring.mapper.ClassPathMapperScanner-No MyBatis mapper was found in '[com.example.ming]' package. Please check your configuration.
2019-07-13 14:11:55.295 [main] INFO  o.s.c.s.PostProcessorRegistrationDelegate$BeanPostProcessorChecker-Bean 'org.springframework.transaction.annotation.ProxyTransactionManagementConfiguration' of type [org.springframework.transaction.annotation.ProxyTransactionManagementConfiguration$$EnhancerBySpringCGLIB$$2e301494] is not eligible for getting processed by all BeanPostProcessors (for example: not eligible for auto-proxying)
2019-07-13 14:11:56.024 [main] INFO  s.d.s.w.PropertySourcedRequestMappingHandlerMapping-Mapped URL path [/v2/api-docs] onto method [public org.springframework.http.ResponseEntity<springfox.documentation.spring.web.json.Json> springfox.documentation.swagger2.web.Swagger2Controller.getDocumentation(java.lang.String,javax.servlet.http.HttpServletRequest)]
2019-07-13 14:11:56.662 [main] INFO  o.s.scheduling.concurrent.ThreadPoolTaskExecutor-Initializing ExecutorService 'applicationTaskExecutor'
2019-07-13 14:11:57.486 [main] INFO  s.d.s.web.plugins.DocumentationPluginsBootstrapper-Context refreshed
2019-07-13 14:11:57.537 [main] INFO  s.d.s.web.plugins.DocumentationPluginsBootstrapper-Found 1 custom documentation plugin(s)
2019-07-13 14:11:57.605 [main] INFO  s.d.spring.web.scanners.ApiListingReferenceScanner-Scanning for api listing references
2019-07-13 14:11:57.880 [main] INFO  com.example.ming.MingApplicationTests-Started MingApplicationTests in 4.694 seconds (JVM running for 5.566)
2019-07-13 14:11:58.327 [Thread-2] INFO  o.s.scheduling.concurrent.ThreadPoolTaskExecutor-Shutting down ExecutorService 'applicationTaskExecutor'
2019-07-13 14:21:46.027 [main] INFO  o.s.b.t.context.SpringBootTestContextBootstrapper-Neither @ContextConfiguration nor @ContextHierarchy found for test class [com.example.ming.MingApplicationTests], using SpringBootContextLoader
2019-07-13 14:21:46.034 [main] INFO  o.s.test.context.support.AbstractContextLoader-Could not detect default resource locations for test class [com.example.ming.MingApplicationTests]: no resource found for suffixes {-context.xml, Context.groovy}.
2019-07-13 14:21:46.035 [main] INFO  o.s.t.c.support.AnnotationConfigContextLoaderUtils-Could not detect default configuration classes for test class [com.example.ming.MingApplicationTests]: MingApplicationTests does not declare any static, non-private, non-final, nested classes annotated with @Configuration.
2019-07-13 14:21:46.141 [main] INFO  o.s.b.t.context.SpringBootTestContextBootstrapper-Found @SpringBootConfiguration com.example.ming.MingApplication for test class com.example.ming.MingApplicationTests
2019-07-13 14:21:46.219 [main] INFO  o.s.b.t.context.SpringBootTestContextBootstrapper-Loaded default TestExecutionListener class names from location [META-INF/spring.factories]: [org.springframework.boot.test.mock.mockito.MockitoTestExecutionListener, org.springframework.boot.test.mock.mockito.ResetMocksTestExecutionListener, org.springframework.boot.test.autoconfigure.restdocs.RestDocsTestExecutionListener, org.springframework.boot.test.autoconfigure.web.client.MockRestServiceServerResetTestExecutionListener, org.springframework.boot.test.autoconfigure.web.servlet.MockMvcPrintOnlyOnFailureTestExecutionListener, org.springframework.boot.test.autoconfigure.web.servlet.WebDriverTestExecutionListener, org.springframework.test.context.web.ServletTestExecutionListener, org.springframework.test.context.support.DirtiesContextBeforeModesTestExecutionListener, org.springframework.test.context.support.DependencyInjectionTestExecutionListener, org.springframework.test.context.support.DirtiesContextTestExecutionListener, org.springframework.test.context.transaction.TransactionalTestExecutionListener, org.springframework.test.context.jdbc.SqlScriptsTestExecutionListener]
2019-07-13 14:21:46.233 [main] INFO  o.s.b.t.context.SpringBootTestContextBootstrapper-Using TestExecutionListeners: [org.springframework.test.context.web.ServletTestExecutionListener@4944252c, org.springframework.test.context.support.DirtiesContextBeforeModesTestExecutionListener@44821a96, org.springframework.boot.test.mock.mockito.MockitoTestExecutionListener@a3d8174, org.springframework.boot.test.autoconfigure.SpringBootDependencyInjectionTestExecutionListener@1ba9117e, org.springframework.test.context.support.DirtiesContextTestExecutionListener@732c2a62, org.springframework.test.context.transaction.TransactionalTestExecutionListener@272ed83b, org.springframework.test.context.jdbc.SqlScriptsTestExecutionListener@41fecb8b, org.springframework.boot.test.mock.mockito.ResetMocksTestExecutionListener@120f102b, org.springframework.boot.test.autoconfigure.restdocs.RestDocsTestExecutionListener@625732, org.springframework.boot.test.autoconfigure.web.client.MockRestServiceServerResetTestExecutionListener@51dcb805, org.springframework.boot.test.autoconfigure.web.servlet.MockMvcPrintOnlyOnFailureTestExecutionListener@66498326, org.springframework.boot.test.autoconfigure.web.servlet.WebDriverTestExecutionListener@cad498c]
2019-07-13 14:21:46.618 [main] INFO  com.example.ming.MingApplicationTests-Starting MingApplicationTests on DESKTOP-PU4QPIV with PID 13416 (started by nikekun in F:\ming)
2019-07-13 14:21:46.619 [main] INFO  com.example.ming.MingApplicationTests-The following profiles are active: test
2019-07-13 14:21:47.669 [main] WARN  org.mybatis.spring.mapper.ClassPathMapperScanner-No MyBatis mapper was found in '[com.example.ming]' package. Please check your configuration.
2019-07-13 14:21:48.018 [main] INFO  o.s.c.s.PostProcessorRegistrationDelegate$BeanPostProcessorChecker-Bean 'org.springframework.transaction.annotation.ProxyTransactionManagementConfiguration' of type [org.springframework.transaction.annotation.ProxyTransactionManagementConfiguration$$EnhancerBySpringCGLIB$$b59f8ada] is not eligible for getting processed by all BeanPostProcessors (for example: not eligible for auto-proxying)
2019-07-13 14:21:48.617 [main] INFO  s.d.s.w.PropertySourcedRequestMappingHandlerMapping-Mapped URL path [/v2/api-docs] onto method [public org.springframework.http.ResponseEntity<springfox.documentation.spring.web.json.Json> springfox.documentation.swagger2.web.Swagger2Controller.getDocumentation(java.lang.String,javax.servlet.http.HttpServletRequest)]
2019-07-13 14:21:49.166 [main] INFO  o.s.scheduling.concurrent.ThreadPoolTaskExecutor-Initializing ExecutorService 'applicationTaskExecutor'
2019-07-13 14:21:49.806 [main] INFO  s.d.s.web.plugins.DocumentationPluginsBootstrapper-Context refreshed
2019-07-13 14:21:49.828 [main] INFO  s.d.s.web.plugins.DocumentationPluginsBootstrapper-Found 1 custom documentation plugin(s)
2019-07-13 14:21:49.861 [main] INFO  s.d.spring.web.scanners.ApiListingReferenceScanner-Scanning for api listing references
2019-07-13 14:21:50.070 [main] INFO  com.example.ming.MingApplicationTests-Started MingApplicationTests in 3.796 seconds (JVM running for 4.65)
2019-07-13 14:21:50.319 [Thread-2] INFO  o.s.scheduling.concurrent.ThreadPoolTaskExecutor-Shutting down ExecutorService 'applicationTaskExecutor'
2019-07-13 14:21:57.414 [main] INFO  o.s.b.t.context.SpringBootTestContextBootstrapper-Neither @ContextConfiguration nor @ContextHierarchy found for test class [com.example.ming.MingApplicationTests], using SpringBootContextLoader
2019-07-13 14:21:57.420 [main] INFO  o.s.test.context.support.AbstractContextLoader-Could not detect default resource locations for test class [com.example.ming.MingApplicationTests]: no resource found for suffixes {-context.xml, Context.groovy}.
2019-07-13 14:21:57.421 [main] INFO  o.s.t.c.support.AnnotationConfigContextLoaderUtils-Could not detect default configuration classes for test class [com.example.ming.MingApplicationTests]: MingApplicationTests does not declare any static, non-private, non-final, nested classes annotated with @Configuration.
2019-07-13 14:21:57.517 [main] INFO  o.s.b.t.context.SpringBootTestContextBootstrapper-Found @SpringBootConfiguration com.example.ming.MingApplication for test class com.example.ming.MingApplicationTests
2019-07-13 14:21:57.595 [main] INFO  o.s.b.t.context.SpringBootTestContextBootstrapper-Loaded default TestExecutionListener class names from location [META-INF/spring.factories]: [org.springframework.boot.test.mock.mockito.MockitoTestExecutionListener, org.springframework.boot.test.mock.mockito.ResetMocksTestExecutionListener, org.springframework.boot.test.autoconfigure.restdocs.RestDocsTestExecutionListener, org.springframework.boot.test.autoconfigure.web.client.MockRestServiceServerResetTestExecutionListener, org.springframework.boot.test.autoconfigure.web.servlet.MockMvcPrintOnlyOnFailureTestExecutionListener, org.springframework.boot.test.autoconfigure.web.servlet.WebDriverTestExecutionListener, org.springframework.test.context.web.ServletTestExecutionListener, org.springframework.test.context.support.DirtiesContextBeforeModesTestExecutionListener, org.springframework.test.context.support.DependencyInjectionTestExecutionListener, org.springframework.test.context.support.DirtiesContextTestExecutionListener, org.springframework.test.context.transaction.TransactionalTestExecutionListener, org.springframework.test.context.jdbc.SqlScriptsTestExecutionListener]
2019-07-13 14:21:57.609 [main] INFO  o.s.b.t.context.SpringBootTestContextBootstrapper-Using TestExecutionListeners: [org.springframework.test.context.web.ServletTestExecutionListener@4944252c, org.springframework.test.context.support.DirtiesContextBeforeModesTestExecutionListener@44821a96, org.springframework.boot.test.mock.mockito.MockitoTestExecutionListener@a3d8174, org.springframework.boot.test.autoconfigure.SpringBootDependencyInjectionTestExecutionListener@1ba9117e, org.springframework.test.context.support.DirtiesContextTestExecutionListener@732c2a62, org.springframework.test.context.transaction.TransactionalTestExecutionListener@272ed83b, org.springframework.test.context.jdbc.SqlScriptsTestExecutionListener@41fecb8b, org.springframework.boot.test.mock.mockito.ResetMocksTestExecutionListener@120f102b, org.springframework.boot.test.autoconfigure.restdocs.RestDocsTestExecutionListener@625732, org.springframework.boot.test.autoconfigure.web.client.MockRestServiceServerResetTestExecutionListener@51dcb805, org.springframework.boot.test.autoconfigure.web.servlet.MockMvcPrintOnlyOnFailureTestExecutionListener@66498326, org.springframework.boot.test.autoconfigure.web.servlet.WebDriverTestExecutionListener@cad498c]
2019-07-13 14:21:57.951 [main] INFO  com.example.ming.MingApplicationTests-Starting MingApplicationTests on DESKTOP-PU4QPIV with PID 11860 (started by nikekun in F:\ming)
2019-07-13 14:21:57.952 [main] INFO  com.example.ming.MingApplicationTests-The following profiles are active: test
2019-07-13 14:21:58.949 [main] WARN  org.mybatis.spring.mapper.ClassPathMapperScanner-No MyBatis mapper was found in '[com.example.ming]' package. Please check your configuration.
2019-07-13 14:21:59.358 [main] INFO  o.s.c.s.PostProcessorRegistrationDelegate$BeanPostProcessorChecker-Bean 'org.springframework.transaction.annotation.ProxyTransactionManagementConfiguration' of type [org.springframework.transaction.annotation.ProxyTransactionManagementConfiguration$$EnhancerBySpringCGLIB$$29c594ea] is not eligible for getting processed by all BeanPostProcessors (for example: not eligible for auto-proxying)
2019-07-13 14:21:59.954 [main] INFO  s.d.s.w.PropertySourcedRequestMappingHandlerMapping-Mapped URL path [/v2/api-docs] onto method [public org.springframework.http.ResponseEntity<springfox.documentation.spring.web.json.Json> springfox.documentation.swagger2.web.Swagger2Controller.getDocumentation(java.lang.String,javax.servlet.http.HttpServletRequest)]
2019-07-13 14:22:00.494 [main] INFO  o.s.scheduling.concurrent.ThreadPoolTaskExecutor-Initializing ExecutorService 'applicationTaskExecutor'
2019-07-13 14:22:01.112 [main] INFO  s.d.s.web.plugins.DocumentationPluginsBootstrapper-Context refreshed
2019-07-13 14:22:01.133 [main] INFO  s.d.s.web.plugins.DocumentationPluginsBootstrapper-Found 1 custom documentation plugin(s)
2019-07-13 14:22:01.170 [main] INFO  s.d.spring.web.scanners.ApiListingReferenceScanner-Scanning for api listing references
2019-07-13 14:22:01.356 [main] INFO  com.example.ming.MingApplicationTests-Started MingApplicationTests in 3.717 seconds (JVM running for 4.493)
2019-07-13 14:22:01.587 [Thread-2] INFO  o.s.scheduling.concurrent.ThreadPoolTaskExecutor-Shutting down ExecutorService 'applicationTaskExecutor'
2019-07-13 14:22:17.789 [main] INFO  o.s.b.t.context.SpringBootTestContextBootstrapper-Neither @ContextConfiguration nor @ContextHierarchy found for test class [com.example.ming.MingApplicationTests], using SpringBootContextLoader
2019-07-13 14:22:17.794 [main] INFO  o.s.test.context.support.AbstractContextLoader-Could not detect default resource locations for test class [com.example.ming.MingApplicationTests]: no resource found for suffixes {-context.xml, Context.groovy}.
2019-07-13 14:22:17.795 [main] INFO  o.s.t.c.support.AnnotationConfigContextLoaderUtils-Could not detect default configuration classes for test class [com.example.ming.MingApplicationTests]: MingApplicationTests does not declare any static, non-private, non-final, nested classes annotated with @Configuration.
2019-07-13 14:22:17.889 [main] INFO  o.s.b.t.context.SpringBootTestContextBootstrapper-Found @SpringBootConfiguration com.example.ming.MingApplication for test class com.example.ming.MingApplicationTests
2019-07-13 14:22:17.966 [main] INFO  o.s.b.t.context.SpringBootTestContextBootstrapper-Loaded default TestExecutionListener class names from location [META-INF/spring.factories]: [org.springframework.boot.test.mock.mockito.MockitoTestExecutionListener, org.springframework.boot.test.mock.mockito.ResetMocksTestExecutionListener, org.springframework.boot.test.autoconfigure.restdocs.RestDocsTestExecutionListener, org.springframework.boot.test.autoconfigure.web.client.MockRestServiceServerResetTestExecutionListener, org.springframework.boot.test.autoconfigure.web.servlet.MockMvcPrintOnlyOnFailureTestExecutionListener, org.springframework.boot.test.autoconfigure.web.servlet.WebDriverTestExecutionListener, org.springframework.test.context.web.ServletTestExecutionListener, org.springframework.test.context.support.DirtiesContextBeforeModesTestExecutionListener, org.springframework.test.context.support.DependencyInjectionTestExecutionListener, org.springframework.test.context.support.DirtiesContextTestExecutionListener, org.springframework.test.context.transaction.TransactionalTestExecutionListener, org.springframework.test.context.jdbc.SqlScriptsTestExecutionListener]
2019-07-13 14:22:17.980 [main] INFO  o.s.b.t.context.SpringBootTestContextBootstrapper-Using TestExecutionListeners: [org.springframework.test.context.web.ServletTestExecutionListener@4944252c, org.springframework.test.context.support.DirtiesContextBeforeModesTestExecutionListener@44821a96, org.springframework.boot.test.mock.mockito.MockitoTestExecutionListener@a3d8174, org.springframework.boot.test.autoconfigure.SpringBootDependencyInjectionTestExecutionListener@1ba9117e, org.springframework.test.context.support.DirtiesContextTestExecutionListener@732c2a62, org.springframework.test.context.transaction.TransactionalTestExecutionListener@272ed83b, org.springframework.test.context.jdbc.SqlScriptsTestExecutionListener@41fecb8b, org.springframework.boot.test.mock.mockito.ResetMocksTestExecutionListener@120f102b, org.springframework.boot.test.autoconfigure.restdocs.RestDocsTestExecutionListener@625732, org.springframework.boot.test.autoconfigure.web.client.MockRestServiceServerResetTestExecutionListener@51dcb805, org.springframework.boot.test.autoconfigure.web.servlet.MockMvcPrintOnlyOnFailureTestExecutionListener@66498326, org.springframework.boot.test.autoconfigure.web.servlet.WebDriverTestExecutionListener@cad498c]
2019-07-13 14:22:18.322 [main] INFO  com.example.ming.MingApplicationTests-Starting MingApplicationTests on DESKTOP-PU4QPIV with PID 7056 (started by nikekun in F:\ming)
2019-07-13 14:22:18.322 [main] INFO  com.example.ming.MingApplicationTests-The following profiles are active: test
2019-07-13 14:22:19.243 [main] WARN  org.mybatis.spring.mapper.ClassPathMapperScanner-No MyBatis mapper was found in '[com.example.ming]' package. Please check your configuration.
2019-07-13 14:22:19.630 [main] INFO  o.s.c.s.PostProcessorRegistrationDelegate$BeanPostProcessorChecker-Bean 'org.springframework.transaction.annotation.ProxyTransactionManagementConfiguration' of type [org.springframework.transaction.annotation.ProxyTransactionManagementConfiguration$$EnhancerBySpringCGLIB$$b59f8ada] is not eligible for getting processed by all BeanPostProcessors (for example: not eligible for auto-proxying)
2019-07-13 14:22:20.213 [main] INFO  s.d.s.w.PropertySourcedRequestMappingHandlerMapping-Mapped URL path [/v2/api-docs] onto method [public org.springframework.http.ResponseEntity<springfox.documentation.spring.web.json.Json> springfox.documentation.swagger2.web.Swagger2Controller.getDocumentation(java.lang.String,javax.servlet.http.HttpServletRequest)]
2019-07-13 14:22:20.785 [main] INFO  o.s.scheduling.concurrent.ThreadPoolTaskExecutor-Initializing ExecutorService 'applicationTaskExecutor'
2019-07-13 14:22:21.437 [main] INFO  s.d.s.web.plugins.DocumentationPluginsBootstrapper-Context refreshed
2019-07-13 14:22:21.462 [main] INFO  s.d.s.web.plugins.DocumentationPluginsBootstrapper-Found 1 custom documentation plugin(s)
2019-07-13 14:22:21.499 [main] INFO  s.d.spring.web.scanners.ApiListingReferenceScanner-Scanning for api listing references
2019-07-13 14:22:21.692 [main] INFO  com.example.ming.MingApplicationTests-Started MingApplicationTests in 3.68 seconds (JVM running for 4.442)
2019-07-13 14:22:21.896 [Thread-2] INFO  o.s.scheduling.concurrent.ThreadPoolTaskExecutor-Shutting down ExecutorService 'applicationTaskExecutor'
2019-07-13 21:29:56.060 [main] WARN  o.a.pdfbox.pdmodel.font.FileSystemFontProvider-New fonts found, font cache will be re-built
2019-07-13 21:29:56.064 [main] WARN  o.a.pdfbox.pdmodel.font.FileSystemFontProvider-Building on-disk font cache, this may take a while
2019-07-13 21:29:56.750 [main] WARN  o.a.pdfbox.pdmodel.font.FileSystemFontProvider-Finished building on-disk font cache, found 401 fonts
2019-07-13 21:29:56.763 [main] WARN  org.apache.pdfbox.pdmodel.font.PDCIDFontType0-Using fallback MalgunGothic-Semilight for CID-keyed font STSong-Light
2019-07-13 21:29:56.923 [main] WARN  org.apache.pdfbox.rendering.CIDType0Glyph2D-No glyph for 28493 (CID 0eba) in font STSong-Light
2019-07-13 21:29:56.928 [main] WARN  org.apache.pdfbox.rendering.CIDType0Glyph2D-No glyph for 22346 (CID 0658) in font STSong-Light
2019-07-13 21:29:56.930 [main] WARN  org.apache.pdfbox.rendering.CIDType0Glyph2D-No glyph for 38134 (CID 107f) in font STSong-Light
2019-07-13 21:29:56.931 [main] WARN  org.apache.pdfbox.rendering.CIDType0Glyph2D-No glyph for 34892 (CID 0f9b) in font STSong-Light
2019-07-13 21:29:56.932 [main] WARN  org.apache.pdfbox.rendering.CIDType0Glyph2D-No glyph for 20010 (CID 06f1) in font STSong-Light
2019-07-13 21:29:56.933 [main] WARN  org.apache.pdfbox.rendering.CIDType0Glyph2D-No glyph for 20154 (CID 0ca6) in font STSong-Light
2019-07-13 21:29:56.934 [main] WARN  org.apache.pdfbox.rendering.CIDType0Glyph2D-No glyph for 36151 (CID 057e) in font STSong-Light
2019-07-13 21:29:56.935 [main] WARN  org.apache.pdfbox.rendering.CIDType0Glyph2D-No glyph for 27454 (CID 097b) in font STSong-Light
2019-07-13 21:29:56.937 [main] WARN  org.apache.pdfbox.rendering.CIDType0Glyph2D-No glyph for 32467 (CID 08b2) in font STSong-Light
2019-07-13 21:29:56.938 [main] WARN  org.apache.pdfbox.rendering.CIDType0Glyph2D-No glyph for 28165 (CID 0c62) in font STSong-Light
2019-07-13 21:29:56.939 [main] WARN  org.apache.pdfbox.rendering.CIDType0Glyph2D-No glyph for 35777 (CID 11a3) in font STSong-Light
2019-07-13 21:29:56.940 [main] WARN  org.apache.pdfbox.rendering.CIDType0Glyph2D-No glyph for 26126 (CID 0afc) in font STSong-Light
2019-07-13 21:29:56.964 [main] WARN  org.apache.pdfbox.rendering.CIDType0Glyph2D-No glyph for 20857 (CID 1225) in font STSong-Light
2019-07-13 21:29:56.964 [main] WARN  org.apache.pdfbox.rendering.CIDType0Glyph2D-No glyph for 26377 (CID 10b5) in font STSong-Light
2019-07-13 21:29:56.965 [main] WARN  org.apache.pdfbox.rendering.CIDType0Glyph2D-No glyph for 20511 (CID 08b9) in font STSong-Light
2019-07-13 21:29:56.966 [main] WARN  org.apache.pdfbox.rendering.CIDType0Glyph2D-No glyph for 40644 (CID 07db) in font STSong-Light
2019-07-13 21:29:56.966 [main] WARN  org.apache.pdfbox.rendering.CIDType0Glyph2D-No glyph for 23707 (CID 059b) in font STSong-Light
2019-07-13 21:29:56.967 [main] WARN  org.apache.pdfbox.rendering.CIDType0Glyph2D-No glyph for 19968 (CID 1042) in font STSong-Light
2019-07-13 21:29:56.970 [main] WARN  org.apache.pdfbox.rendering.CIDType0Glyph2D-No glyph for 36523 (CID 0d26) in font STSong-Light
2019-07-13 21:29:56.970 [main] WARN  org.apache.pdfbox.rendering.CIDType0Glyph2D-No glyph for 20221 (CID 067a) in font STSong-Light
2019-07-13 21:29:56.971 [main] WARN  org.apache.pdfbox.rendering.CIDType0Glyph2D-No glyph for 21495 (CID 077c) in font STSong-Light
2019-07-13 21:29:56.971 [main] WARN  org.apache.pdfbox.rendering.CIDType0Glyph2D-No glyph for 30721 (CID 0a92) in font STSong-Light
2019-07-13 21:29:56.973 [main] WARN  org.apache.pdfbox.rendering.CIDType0Glyph2D-No glyph for 22312 (CID 111d) in font STSong-Light
2019-07-13 21:29:56.974 [main] WARN  org.apache.pdfbox.rendering.CIDType0Glyph2D-No glyph for 25105 (CID 0ee1) in font STSong-Light
2019-07-13 21:29:56.974 [main] WARN  org.apache.pdfbox.rendering.CIDType0Glyph2D-No glyph for 21150 (CID 03f7) in font STSong-Light
2019-07-13 21:29:56.974 [main] WARN  org.apache.pdfbox.rendering.CIDType0Glyph2D-No glyph for 29702 (CID 09d8) in font STSong-Light
2019-07-13 21:29:56.975 [main] WARN  org.apache.pdfbox.rendering.CIDType0Glyph2D-No glyph for 30340 (CID 05a5) in font STSong-Light
2019-07-13 21:29:56.975 [main] WARN  org.apache.pdfbox.rendering.CIDType0Glyph2D-No glyph for 20197 (CID 105b) in font STSong-Light
2019-07-13 21:29:56.976 [main] WARN  org.apache.pdfbox.rendering.CIDType0Glyph2D-No glyph for 19979 (CID 0f2f) in font STSong-Light
2019-07-13 21:29:56.976 [main] WARN  org.apache.pdfbox.rendering.CIDType0Glyph2D-No glyph for 31508 (CID 0433) in font STSong-Light
2019-07-13 21:29:56.977 [main] WARN  org.apache.pdfbox.rendering.CIDType0Glyph2D-No glyph for 19994 (CID 103c) in font STSong-Light
2019-07-13 21:29:56.978 [main] WARN  org.apache.pdfbox.rendering.CIDType0Glyph2D-No glyph for 24050 (CID 1058) in font STSong-Light
2019-07-13 21:29:56.985 [main] WARN  org.apache.pdfbox.rendering.CIDType0Glyph2D-No glyph for 36134 (CID 116c) in font STSong-Light
2019-07-13 21:29:56.986 [main] WARN  org.apache.pdfbox.rendering.CIDType0Glyph2D-No glyph for 25454 (CID 090c) in font STSong-Light
2019-07-13 21:29:56.987 [main] WARN  org.apache.pdfbox.rendering.CIDType0Glyph2D-No glyph for 26412 (CID 0427) in font STSong-Light
2019-07-13 21:29:56.987 [main] WARN  org.apache.pdfbox.rendering.CIDType0Glyph2D-No glyph for 37329 (CID 08c1) in font STSong-Light
2019-07-13 21:29:56.988 [main] WARN  org.apache.pdfbox.rendering.CIDType0Glyph2D-No glyph for 27665 (CID 0af6) in font STSong-Light
2019-07-13 21:29:56.988 [main] WARN  org.apache.pdfbox.rendering.CIDType0Glyph2D-No glyph for 24065 (CID 043b) in font STSong-Light
2019-07-13 21:29:56.989 [main] WARN  org.apache.pdfbox.rendering.CIDType0Glyph2D-No glyph for 24320 (CID 0937) in font STSong-Light
2019-07-13 21:29:56.989 [main] WARN  org.apache.pdfbox.rendering.CIDType0Glyph2D-No glyph for 22987 (CID 0d53) in font STSong-Light
2019-07-13 21:29:56.990 [main] WARN  org.apache.pdfbox.rendering.CIDType0Glyph2D-No glyph for 26085 (CID 0cb0) in font STSong-Light
2019-07-13 21:29:56.990 [main] WARN  org.apache.pdfbox.rendering.CIDType0Glyph2D-No glyph for 26399 (CID 0bf9) in font STSong-Light
2019-07-13 21:29:56.991 [main] WARN  org.apache.pdfbox.rendering.CIDType0Glyph2D-No glyph for 26463 (CID 0d8f) in font STSong-Light
2019-07-13 21:29:58.339 [main] WARN  org.apache.pdfbox.rendering.CIDType0Glyph2D-No glyph for 28493 (CID 0eba) in font STSong-Light
2019-07-13 21:29:58.339 [main] WARN  org.apache.pdfbox.rendering.CIDType0Glyph2D-No glyph for 22346 (CID 0658) in font STSong-Light
2019-07-13 21:29:58.339 [main] WARN  org.apache.pdfbox.rendering.CIDType0Glyph2D-No glyph for 38134 (CID 107f) in font STSong-Light
2019-07-13 21:29:58.340 [main] WARN  org.apache.pdfbox.rendering.CIDType0Glyph2D-No glyph for 34892 (CID 0f9b) in font STSong-Light
2019-07-13 21:29:58.340 [main] WARN  org.apache.pdfbox.rendering.CIDType0Glyph2D-No glyph for 32929 (CID 0722) in font STSong-Light
2019-07-13 21:29:58.340 [main] WARN  org.apache.pdfbox.rendering.CIDType0Glyph2D-No glyph for 20221 (CID 067a) in font STSong-Light
2019-07-13 21:29:58.341 [main] WARN  org.apache.pdfbox.rendering.CIDType0Glyph2D-No glyph for 26377 (CID 10b5) in font STSong-Light
2019-07-13 21:29:58.341 [main] WARN  org.apache.pdfbox.rendering.CIDType0Glyph2D-No glyph for 38480 (CID 0f4b) in font STSong-Light
2019-07-13 21:29:58.341 [main] WARN  org.apache.pdfbox.rendering.CIDType0Glyph2D-No glyph for 20844 (CID 0704) in font STSong-Light
2019-07-13 21:29:58.341 [main] WARN  org.apache.pdfbox.rendering.CIDType0Glyph2D-No glyph for 21496 (CID 0db3) in font STSong-Light
2019-07-13 21:29:58.343 [main] WARN  org.apache.pdfbox.rendering.CIDType0Glyph2D-No glyph for 30005 (CID 05c8) in font STSong-Light
2019-07-13 21:29:58.343 [main] WARN  org.apache.pdfbox.rendering.CIDType0Glyph2D-No glyph for 23376 (CID 1230) in font STSong-Light
2019-07-13 21:29:58.343 [main] WARN  org.apache.pdfbox.rendering.CIDType0Glyph2D-No glyph for 31456 (CID 1163) in font STSong-Light
2019-07-13 21:29:58.343 [main] WARN  org.apache.pdfbox.rendering.CIDType0Glyph2D-No glyph for 22270 (CID 0e6d) in font STSong-Light
2019-07-13 21:29:58.344 [main] WARN  org.apache.pdfbox.rendering.CIDType0Glyph2D-No glyph for 29255 (CID 0bcb) in font STSong-Light
2019-07-13 21:29:58.345 [main] WARN  org.apache.pdfbox.rendering.CIDType0Glyph2D-No glyph for 24180 (CID 0b4d) in font STSong-Light
2019-07-13 21:29:58.346 [main] WARN  org.apache.pdfbox.rendering.CIDType0Glyph2D-No glyph for 26376 (CID 1105) in font STSong-Light
2019-07-13 21:29:58.347 [main] WARN  org.apache.pdfbox.rendering.CIDType0Glyph2D-No glyph for 26085 (CID 0cb0) in font STSong-Light
2019-07-13 22:07:23.942 [main] INFO  o.s.b.t.context.SpringBootTestContextBootstrapper-Neither @ContextConfiguration nor @ContextHierarchy found for test class [com.example.ming.MingApplicationTests], using SpringBootContextLoader
2019-07-13 22:07:23.948 [main] INFO  o.s.test.context.support.AbstractContextLoader-Could not detect default resource locations for test class [com.example.ming.MingApplicationTests]: no resource found for suffixes {-context.xml, Context.groovy}.
2019-07-13 22:07:23.949 [main] INFO  o.s.t.c.support.AnnotationConfigContextLoaderUtils-Could not detect default configuration classes for test class [com.example.ming.MingApplicationTests]: MingApplicationTests does not declare any static, non-private, non-final, nested classes annotated with @Configuration.
2019-07-13 22:07:24.046 [main] INFO  o.s.b.t.context.SpringBootTestContextBootstrapper-Found @SpringBootConfiguration com.example.ming.MingApplication for test class com.example.ming.MingApplicationTests
2019-07-13 22:07:24.121 [main] INFO  o.s.b.t.context.SpringBootTestContextBootstrapper-Loaded default TestExecutionListener class names from location [META-INF/spring.factories]: [org.springframework.boot.test.mock.mockito.MockitoTestExecutionListener, org.springframework.boot.test.mock.mockito.ResetMocksTestExecutionListener, org.springframework.boot.test.autoconfigure.restdocs.RestDocsTestExecutionListener, org.springframework.boot.test.autoconfigure.web.client.MockRestServiceServerResetTestExecutionListener, org.springframework.boot.test.autoconfigure.web.servlet.MockMvcPrintOnlyOnFailureTestExecutionListener, org.springframework.boot.test.autoconfigure.web.servlet.WebDriverTestExecutionListener, org.springframework.test.context.web.ServletTestExecutionListener, org.springframework.test.context.support.DirtiesContextBeforeModesTestExecutionListener, org.springframework.test.context.support.DependencyInjectionTestExecutionListener, org.springframework.test.context.support.DirtiesContextTestExecutionListener, org.springframework.test.context.transaction.TransactionalTestExecutionListener, org.springframework.test.context.jdbc.SqlScriptsTestExecutionListener]
2019-07-13 22:07:24.135 [main] INFO  o.s.b.t.context.SpringBootTestContextBootstrapper-Using TestExecutionListeners: [org.springframework.test.context.web.ServletTestExecutionListener@a3d8174, org.springframework.test.context.support.DirtiesContextBeforeModesTestExecutionListener@1ba9117e, org.springframework.boot.test.mock.mockito.MockitoTestExecutionListener@732c2a62, org.springframework.boot.test.autoconfigure.SpringBootDependencyInjectionTestExecutionListener@272ed83b, org.springframework.test.context.support.DirtiesContextTestExecutionListener@41fecb8b, org.springframework.test.context.transaction.TransactionalTestExecutionListener@120f102b, org.springframework.test.context.jdbc.SqlScriptsTestExecutionListener@625732, org.springframework.boot.test.mock.mockito.ResetMocksTestExecutionListener@51dcb805, org.springframework.boot.test.autoconfigure.restdocs.RestDocsTestExecutionListener@66498326, org.springframework.boot.test.autoconfigure.web.client.MockRestServiceServerResetTestExecutionListener@cad498c, org.springframework.boot.test.autoconfigure.web.servlet.MockMvcPrintOnlyOnFailureTestExecutionListener@1e6454ec, org.springframework.boot.test.autoconfigure.web.servlet.WebDriverTestExecutionListener@2accdbb5]
2019-07-13 22:07:24.524 [main] INFO  com.example.ming.MingApplicationTests-Starting MingApplicationTests on DESKTOP-PU4QPIV with PID 7364 (started by nikekun in F:\ming)
2019-07-13 22:07:24.525 [main] INFO  com.example.ming.MingApplicationTests-The following profiles are active: test
2019-07-13 22:07:25.804 [main] WARN  org.mybatis.spring.mapper.ClassPathMapperScanner-No MyBatis mapper was found in '[com.example.ming]' package. Please check your configuration.
2019-07-13 22:07:26.211 [main] INFO  o.s.c.s.PostProcessorRegistrationDelegate$BeanPostProcessorChecker-Bean 'org.springframework.transaction.annotation.ProxyTransactionManagementConfiguration' of type [org.springframework.transaction.annotation.ProxyTransactionManagementConfiguration$$EnhancerBySpringCGLIB$$9134b211] is not eligible for getting processed by all BeanPostProcessors (for example: not eligible for auto-proxying)
2019-07-13 22:07:27.016 [main] INFO  s.d.s.w.PropertySourcedRequestMappingHandlerMapping-Mapped URL path [/v2/api-docs] onto method [public org.springframework.http.ResponseEntity<springfox.documentation.spring.web.json.Json> springfox.documentation.swagger2.web.Swagger2Controller.getDocumentation(java.lang.String,javax.servlet.http.HttpServletRequest)]
2019-07-13 22:07:27.735 [main] INFO  o.s.scheduling.concurrent.ThreadPoolTaskExecutor-Initializing ExecutorService 'applicationTaskExecutor'
2019-07-13 22:07:28.413 [main] INFO  s.d.s.web.plugins.DocumentationPluginsBootstrapper-Context refreshed
2019-07-13 22:07:28.450 [main] INFO  s.d.s.web.plugins.DocumentationPluginsBootstrapper-Found 1 custom documentation plugin(s)
2019-07-13 22:07:28.494 [main] INFO  s.d.spring.web.scanners.ApiListingReferenceScanner-Scanning for api listing references
2019-07-13 22:07:28.758 [main] INFO  com.example.ming.MingApplicationTests-Started MingApplicationTests in 4.59 seconds (JVM running for 5.424)
2019-07-13 22:07:29.235 [Thread-2] INFO  o.s.scheduling.concurrent.ThreadPoolTaskExecutor-Shutting down ExecutorService 'applicationTaskExecutor'
2019-07-13 22:08:13.792 [main] INFO  o.s.b.t.context.SpringBootTestContextBootstrapper-Neither @ContextConfiguration nor @ContextHierarchy found for test class [com.example.ming.MingApplicationTests], using SpringBootContextLoader
2019-07-13 22:08:13.798 [main] INFO  o.s.test.context.support.AbstractContextLoader-Could not detect default resource locations for test class [com.example.ming.MingApplicationTests]: no resource found for suffixes {-context.xml, Context.groovy}.
2019-07-13 22:08:13.799 [main] INFO  o.s.t.c.support.AnnotationConfigContextLoaderUtils-Could not detect default configuration classes for test class [com.example.ming.MingApplicationTests]: MingApplicationTests does not declare any static, non-private, non-final, nested classes annotated with @Configuration.
2019-07-13 22:08:13.894 [main] INFO  o.s.b.t.context.SpringBootTestContextBootstrapper-Found @SpringBootConfiguration com.example.ming.MingApplication for test class com.example.ming.MingApplicationTests
2019-07-13 22:08:13.970 [main] INFO  o.s.b.t.context.SpringBootTestContextBootstrapper-Loaded default TestExecutionListener class names from location [META-INF/spring.factories]: [org.springframework.boot.test.mock.mockito.MockitoTestExecutionListener, org.springframework.boot.test.mock.mockito.ResetMocksTestExecutionListener, org.springframework.boot.test.autoconfigure.restdocs.RestDocsTestExecutionListener, org.springframework.boot.test.autoconfigure.web.client.MockRestServiceServerResetTestExecutionListener, org.springframework.boot.test.autoconfigure.web.servlet.MockMvcPrintOnlyOnFailureTestExecutionListener, org.springframework.boot.test.autoconfigure.web.servlet.WebDriverTestExecutionListener, org.springframework.test.context.web.ServletTestExecutionListener, org.springframework.test.context.support.DirtiesContextBeforeModesTestExecutionListener, org.springframework.test.context.support.DependencyInjectionTestExecutionListener, org.springframework.test.context.support.DirtiesContextTestExecutionListener, org.springframework.test.context.transaction.TransactionalTestExecutionListener, org.springframework.test.context.jdbc.SqlScriptsTestExecutionListener]
2019-07-13 22:08:13.984 [main] INFO  o.s.b.t.context.SpringBootTestContextBootstrapper-Using TestExecutionListeners: [org.springframework.test.context.web.ServletTestExecutionListener@a3d8174, org.springframework.test.context.support.DirtiesContextBeforeModesTestExecutionListener@1ba9117e, org.springframework.boot.test.mock.mockito.MockitoTestExecutionListener@732c2a62, org.springframework.boot.test.autoconfigure.SpringBootDependencyInjectionTestExecutionListener@272ed83b, org.springframework.test.context.support.DirtiesContextTestExecutionListener@41fecb8b, org.springframework.test.context.transaction.TransactionalTestExecutionListener@120f102b, org.springframework.test.context.jdbc.SqlScriptsTestExecutionListener@625732, org.springframework.boot.test.mock.mockito.ResetMocksTestExecutionListener@51dcb805, org.springframework.boot.test.autoconfigure.restdocs.RestDocsTestExecutionListener@66498326, org.springframework.boot.test.autoconfigure.web.client.MockRestServiceServerResetTestExecutionListener@cad498c, org.springframework.boot.test.autoconfigure.web.servlet.MockMvcPrintOnlyOnFailureTestExecutionListener@1e6454ec, org.springframework.boot.test.autoconfigure.web.servlet.WebDriverTestExecutionListener@2accdbb5]
2019-07-13 22:08:14.305 [main] INFO  com.example.ming.MingApplicationTests-Starting MingApplicationTests on DESKTOP-PU4QPIV with PID 8 (started by nikekun in F:\ming)
2019-07-13 22:08:14.305 [main] INFO  com.example.ming.MingApplicationTests-The following profiles are active: test
2019-07-13 22:08:15.217 [main] WARN  org.mybatis.spring.mapper.ClassPathMapperScanner-No MyBatis mapper was found in '[com.example.ming]' package. Please check your configuration.
2019-07-13 22:08:15.539 [main] INFO  o.s.c.s.PostProcessorRegistrationDelegate$BeanPostProcessorChecker-Bean 'org.springframework.transaction.annotation.ProxyTransactionManagementConfiguration' of type [org.springframework.transaction.annotation.ProxyTransactionManagementConfiguration$$EnhancerBySpringCGLIB$$9134b211] is not eligible for getting processed by all BeanPostProcessors (for example: not eligible for auto-proxying)
2019-07-13 22:08:16.128 [main] INFO  s.d.s.w.PropertySourcedRequestMappingHandlerMapping-Mapped URL path [/v2/api-docs] onto method [public org.springframework.http.ResponseEntity<springfox.documentation.spring.web.json.Json> springfox.documentation.swagger2.web.Swagger2Controller.getDocumentation(java.lang.String,javax.servlet.http.HttpServletRequest)]
2019-07-13 22:08:16.672 [main] INFO  o.s.scheduling.concurrent.ThreadPoolTaskExecutor-Initializing ExecutorService 'applicationTaskExecutor'
2019-07-13 22:08:17.268 [main] INFO  s.d.s.web.plugins.DocumentationPluginsBootstrapper-Context refreshed
2019-07-13 22:08:17.301 [main] INFO  s.d.s.web.plugins.DocumentationPluginsBootstrapper-Found 1 custom documentation plugin(s)
2019-07-13 22:08:17.345 [main] INFO  s.d.spring.web.scanners.ApiListingReferenceScanner-Scanning for api listing references
2019-07-13 22:08:17.568 [main] INFO  com.example.ming.MingApplicationTests-Started MingApplicationTests in 3.551 seconds (JVM running for 4.324)
2019-07-13 22:08:17.875 [Thread-2] INFO  o.s.scheduling.concurrent.ThreadPoolTaskExecutor-Shutting down ExecutorService 'applicationTaskExecutor'
2019-07-13 22:31:15.142 [main] INFO  o.s.b.t.context.SpringBootTestContextBootstrapper-Neither @ContextConfiguration nor @ContextHierarchy found for test class [com.example.ming.MingApplicationTests], using SpringBootContextLoader
2019-07-13 22:31:15.149 [main] INFO  o.s.test.context.support.AbstractContextLoader-Could not detect default resource locations for test class [com.example.ming.MingApplicationTests]: no resource found for suffixes {-context.xml, Context.groovy}.
2019-07-13 22:31:15.150 [main] INFO  o.s.t.c.support.AnnotationConfigContextLoaderUtils-Could not detect default configuration classes for test class [com.example.ming.MingApplicationTests]: MingApplicationTests does not declare any static, non-private, non-final, nested classes annotated with @Configuration.
2019-07-13 22:31:15.257 [main] INFO  o.s.b.t.context.SpringBootTestContextBootstrapper-Found @SpringBootConfiguration com.example.ming.MingApplication for test class com.example.ming.MingApplicationTests
2019-07-13 22:31:15.332 [main] INFO  o.s.b.t.context.SpringBootTestContextBootstrapper-Loaded default TestExecutionListener class names from location [META-INF/spring.factories]: [org.springframework.boot.test.mock.mockito.MockitoTestExecutionListener, org.springframework.boot.test.mock.mockito.ResetMocksTestExecutionListener, org.springframework.boot.test.autoconfigure.restdocs.RestDocsTestExecutionListener, org.springframework.boot.test.autoconfigure.web.client.MockRestServiceServerResetTestExecutionListener, org.springframework.boot.test.autoconfigure.web.servlet.MockMvcPrintOnlyOnFailureTestExecutionListener, org.springframework.boot.test.autoconfigure.web.servlet.WebDriverTestExecutionListener, org.springframework.test.context.web.ServletTestExecutionListener, org.springframework.test.context.support.DirtiesContextBeforeModesTestExecutionListener, org.springframework.test.context.support.DependencyInjectionTestExecutionListener, org.springframework.test.context.support.DirtiesContextTestExecutionListener, org.springframework.test.context.transaction.TransactionalTestExecutionListener, org.springframework.test.context.jdbc.SqlScriptsTestExecutionListener]
2019-07-13 22:31:15.346 [main] INFO  o.s.b.t.context.SpringBootTestContextBootstrapper-Using TestExecutionListeners: [org.springframework.test.context.web.ServletTestExecutionListener@a3d8174, org.springframework.test.context.support.DirtiesContextBeforeModesTestExecutionListener@1ba9117e, org.springframework.boot.test.mock.mockito.MockitoTestExecutionListener@732c2a62, org.springframework.boot.test.autoconfigure.SpringBootDependencyInjectionTestExecutionListener@272ed83b, org.springframework.test.context.support.DirtiesContextTestExecutionListener@41fecb8b, org.springframework.test.context.transaction.TransactionalTestExecutionListener@120f102b, org.springframework.test.context.jdbc.SqlScriptsTestExecutionListener@625732, org.springframework.boot.test.mock.mockito.ResetMocksTestExecutionListener@51dcb805, org.springframework.boot.test.autoconfigure.restdocs.RestDocsTestExecutionListener@66498326, org.springframework.boot.test.autoconfigure.web.client.MockRestServiceServerResetTestExecutionListener@cad498c, org.springframework.boot.test.autoconfigure.web.servlet.MockMvcPrintOnlyOnFailureTestExecutionListener@1e6454ec, org.springframework.boot.test.autoconfigure.web.servlet.WebDriverTestExecutionListener@2accdbb5]
2019-07-13 22:31:15.666 [main] INFO  com.example.ming.MingApplicationTests-Starting MingApplicationTests on DESKTOP-PU4QPIV with PID 7324 (started by nikekun in F:\ming)
2019-07-13 22:31:15.666 [main] INFO  com.example.ming.MingApplicationTests-The following profiles are active: test
2019-07-13 22:31:16.621 [main] WARN  org.mybatis.spring.mapper.ClassPathMapperScanner-No MyBatis mapper was found in '[com.example.ming]' package. Please check your configuration.
2019-07-13 22:31:17.016 [main] INFO  o.s.c.s.PostProcessorRegistrationDelegate$BeanPostProcessorChecker-Bean 'org.springframework.transaction.annotation.ProxyTransactionManagementConfiguration' of type [org.springframework.transaction.annotation.ProxyTransactionManagementConfiguration$$EnhancerBySpringCGLIB$$9134b211] is not eligible for getting processed by all BeanPostProcessors (for example: not eligible for auto-proxying)
2019-07-13 22:31:17.617 [main] INFO  s.d.s.w.PropertySourcedRequestMappingHandlerMapping-Mapped URL path [/v2/api-docs] onto method [public org.springframework.http.ResponseEntity<springfox.documentation.spring.web.json.Json> springfox.documentation.swagger2.web.Swagger2Controller.getDocumentation(java.lang.String,javax.servlet.http.HttpServletRequest)]
2019-07-13 22:31:18.171 [main] INFO  o.s.scheduling.concurrent.ThreadPoolTaskExecutor-Initializing ExecutorService 'applicationTaskExecutor'
2019-07-13 22:31:18.803 [main] INFO  s.d.s.web.plugins.DocumentationPluginsBootstrapper-Context refreshed
2019-07-13 22:31:18.840 [main] INFO  s.d.s.web.plugins.DocumentationPluginsBootstrapper-Found 1 custom documentation plugin(s)
2019-07-13 22:31:18.875 [main] INFO  s.d.spring.web.scanners.ApiListingReferenceScanner-Scanning for api listing references
2019-07-13 22:31:19.081 [main] INFO  com.example.ming.MingApplicationTests-Started MingApplicationTests in 3.704 seconds (JVM running for 4.536)
2019-07-13 22:31:19.282 [Thread-2] INFO  o.s.scheduling.concurrent.ThreadPoolTaskExecutor-Shutting down ExecutorService 'applicationTaskExecutor'
2019-07-13 22:31:28.649 [main] INFO  o.s.b.t.context.SpringBootTestContextBootstrapper-Neither @ContextConfiguration nor @ContextHierarchy found for test class [com.example.ming.MingApplicationTests], using SpringBootContextLoader
2019-07-13 22:31:28.654 [main] INFO  o.s.test.context.support.AbstractContextLoader-Could not detect default resource locations for test class [com.example.ming.MingApplicationTests]: no resource found for suffixes {-context.xml, Context.groovy}.
2019-07-13 22:31:28.655 [main] INFO  o.s.t.c.support.AnnotationConfigContextLoaderUtils-Could not detect default configuration classes for test class [com.example.ming.MingApplicationTests]: MingApplicationTests does not declare any static, non-private, non-final, nested classes annotated with @Configuration.
2019-07-13 22:31:28.762 [main] INFO  o.s.b.t.context.SpringBootTestContextBootstrapper-Found @SpringBootConfiguration com.example.ming.MingApplication for test class com.example.ming.MingApplicationTests
2019-07-13 22:31:28.842 [main] INFO  o.s.b.t.context.SpringBootTestContextBootstrapper-Loaded default TestExecutionListener class names from location [META-INF/spring.factories]: [org.springframework.boot.test.mock.mockito.MockitoTestExecutionListener, org.springframework.boot.test.mock.mockito.ResetMocksTestExecutionListener, org.springframework.boot.test.autoconfigure.restdocs.RestDocsTestExecutionListener, org.springframework.boot.test.autoconfigure.web.client.MockRestServiceServerResetTestExecutionListener, org.springframework.boot.test.autoconfigure.web.servlet.MockMvcPrintOnlyOnFailureTestExecutionListener, org.springframework.boot.test.autoconfigure.web.servlet.WebDriverTestExecutionListener, org.springframework.test.context.web.ServletTestExecutionListener, org.springframework.test.context.support.DirtiesContextBeforeModesTestExecutionListener, org.springframework.test.context.support.DependencyInjectionTestExecutionListener, org.springframework.test.context.support.DirtiesContextTestExecutionListener, org.springframework.test.context.transaction.TransactionalTestExecutionListener, org.springframework.test.context.jdbc.SqlScriptsTestExecutionListener]
2019-07-13 22:31:28.855 [main] INFO  o.s.b.t.context.SpringBootTestContextBootstrapper-Using TestExecutionListeners: [org.springframework.test.context.web.ServletTestExecutionListener@a3d8174, org.springframework.test.context.support.DirtiesContextBeforeModesTestExecutionListener@1ba9117e, org.springframework.boot.test.mock.mockito.MockitoTestExecutionListener@732c2a62, org.springframework.boot.test.autoconfigure.SpringBootDependencyInjectionTestExecutionListener@272ed83b, org.springframework.test.context.support.DirtiesContextTestExecutionListener@41fecb8b, org.springframework.test.context.transaction.TransactionalTestExecutionListener@120f102b, org.springframework.test.context.jdbc.SqlScriptsTestExecutionListener@625732, org.springframework.boot.test.mock.mockito.ResetMocksTestExecutionListener@51dcb805, org.springframework.boot.test.autoconfigure.restdocs.RestDocsTestExecutionListener@66498326, org.springframework.boot.test.autoconfigure.web.client.MockRestServiceServerResetTestExecutionListener@cad498c, org.springframework.boot.test.autoconfigure.web.servlet.MockMvcPrintOnlyOnFailureTestExecutionListener@1e6454ec, org.springframework.boot.test.autoconfigure.web.servlet.WebDriverTestExecutionListener@2accdbb5]
2019-07-13 22:31:29.182 [main] INFO  com.example.ming.MingApplicationTests-Starting MingApplicationTests on DESKTOP-PU4QPIV with PID 12376 (started by nikekun in F:\ming)
2019-07-13 22:31:29.182 [main] INFO  com.example.ming.MingApplicationTests-The following profiles are active: test
2019-07-13 22:31:30.127 [main] WARN  org.mybatis.spring.mapper.ClassPathMapperScanner-No MyBatis mapper was found in '[com.example.ming]' package. Please check your configuration.
2019-07-13 22:31:30.471 [main] INFO  o.s.c.s.PostProcessorRegistrationDelegate$BeanPostProcessorChecker-Bean 'org.springframework.transaction.annotation.ProxyTransactionManagementConfiguration' of type [org.springframework.transaction.annotation.ProxyTransactionManagementConfiguration$$EnhancerBySpringCGLIB$$9134b211] is not eligible for getting processed by all BeanPostProcessors (for example: not eligible for auto-proxying)
2019-07-13 22:31:31.054 [main] INFO  s.d.s.w.PropertySourcedRequestMappingHandlerMapping-Mapped URL path [/v2/api-docs] onto method [public org.springframework.http.ResponseEntity<springfox.documentation.spring.web.json.Json> springfox.documentation.swagger2.web.Swagger2Controller.getDocumentation(java.lang.String,javax.servlet.http.HttpServletRequest)]
2019-07-13 22:31:31.611 [main] INFO  o.s.scheduling.concurrent.ThreadPoolTaskExecutor-Initializing ExecutorService 'applicationTaskExecutor'
2019-07-13 22:31:32.177 [main] INFO  s.d.s.web.plugins.DocumentationPluginsBootstrapper-Context refreshed
2019-07-13 22:31:32.202 [main] INFO  s.d.s.web.plugins.DocumentationPluginsBootstrapper-Found 1 custom documentation plugin(s)
2019-07-13 22:31:32.246 [main] INFO  s.d.spring.web.scanners.ApiListingReferenceScanner-Scanning for api listing references
2019-07-13 22:31:32.444 [main] INFO  com.example.ming.MingApplicationTests-Started MingApplicationTests in 3.558 seconds (JVM running for 4.366)
2019-07-13 22:31:32.669 [Thread-2] INFO  o.s.scheduling.concurrent.ThreadPoolTaskExecutor-Shutting down ExecutorService 'applicationTaskExecutor'
2019-07-13 22:33:19.646 [main] INFO  o.s.b.t.context.SpringBootTestContextBootstrapper-Neither @ContextConfiguration nor @ContextHierarchy found for test class [com.example.ming.MingApplicationTests], using SpringBootContextLoader
2019-07-13 22:33:19.652 [main] INFO  o.s.test.context.support.AbstractContextLoader-Could not detect default resource locations for test class [com.example.ming.MingApplicationTests]: no resource found for suffixes {-context.xml, Context.groovy}.
2019-07-13 22:33:19.653 [main] INFO  o.s.t.c.support.AnnotationConfigContextLoaderUtils-Could not detect default configuration classes for test class [com.example.ming.MingApplicationTests]: MingApplicationTests does not declare any static, non-private, non-final, nested classes annotated with @Configuration.
2019-07-13 22:33:19.753 [main] INFO  o.s.b.t.context.SpringBootTestContextBootstrapper-Found @SpringBootConfiguration com.example.ming.MingApplication for test class com.example.ming.MingApplicationTests
2019-07-13 22:33:19.829 [main] INFO  o.s.b.t.context.SpringBootTestContextBootstrapper-Loaded default TestExecutionListener class names from location [META-INF/spring.factories]: [org.springframework.boot.test.mock.mockito.MockitoTestExecutionListener, org.springframework.boot.test.mock.mockito.ResetMocksTestExecutionListener, org.springframework.boot.test.autoconfigure.restdocs.RestDocsTestExecutionListener, org.springframework.boot.test.autoconfigure.web.client.MockRestServiceServerResetTestExecutionListener, org.springframework.boot.test.autoconfigure.web.servlet.MockMvcPrintOnlyOnFailureTestExecutionListener, org.springframework.boot.test.autoconfigure.web.servlet.WebDriverTestExecutionListener, org.springframework.test.context.web.ServletTestExecutionListener, org.springframework.test.context.support.DirtiesContextBeforeModesTestExecutionListener, org.springframework.test.context.support.DependencyInjectionTestExecutionListener, org.springframework.test.context.support.DirtiesContextTestExecutionListener, org.springframework.test.context.transaction.TransactionalTestExecutionListener, org.springframework.test.context.jdbc.SqlScriptsTestExecutionListener]
2019-07-13 22:33:19.842 [main] INFO  o.s.b.t.context.SpringBootTestContextBootstrapper-Using TestExecutionListeners: [org.springframework.test.context.web.ServletTestExecutionListener@a3d8174, org.springframework.test.context.support.DirtiesContextBeforeModesTestExecutionListener@1ba9117e, org.springframework.boot.test.mock.mockito.MockitoTestExecutionListener@732c2a62, org.springframework.boot.test.autoconfigure.SpringBootDependencyInjectionTestExecutionListener@272ed83b, org.springframework.test.context.support.DirtiesContextTestExecutionListener@41fecb8b, org.springframework.test.context.transaction.TransactionalTestExecutionListener@120f102b, org.springframework.test.context.jdbc.SqlScriptsTestExecutionListener@625732, org.springframework.boot.test.mock.mockito.ResetMocksTestExecutionListener@51dcb805, org.springframework.boot.test.autoconfigure.restdocs.RestDocsTestExecutionListener@66498326, org.springframework.boot.test.autoconfigure.web.client.MockRestServiceServerResetTestExecutionListener@cad498c, org.springframework.boot.test.autoconfigure.web.servlet.MockMvcPrintOnlyOnFailureTestExecutionListener@1e6454ec, org.springframework.boot.test.autoconfigure.web.servlet.WebDriverTestExecutionListener@2accdbb5]
2019-07-13 22:33:20.176 [main] INFO  com.example.ming.MingApplicationTests-Starting MingApplicationTests on DESKTOP-PU4QPIV with PID 3308 (started by nikekun in F:\ming)
2019-07-13 22:33:20.176 [main] INFO  com.example.ming.MingApplicationTests-The following profiles are active: test
2019-07-13 22:33:21.370 [main] WARN  org.mybatis.spring.mapper.ClassPathMapperScanner-No MyBatis mapper was found in '[com.example.ming]' package. Please check your configuration.
2019-07-13 22:33:21.714 [main] INFO  o.s.c.s.PostProcessorRegistrationDelegate$BeanPostProcessorChecker-Bean 'org.springframework.transaction.annotation.ProxyTransactionManagementConfiguration' of type [org.springframework.transaction.annotation.ProxyTransactionManagementConfiguration$$EnhancerBySpringCGLIB$$9134b211] is not eligible for getting processed by all BeanPostProcessors (for example: not eligible for auto-proxying)
2019-07-13 22:33:22.291 [main] INFO  s.d.s.w.PropertySourcedRequestMappingHandlerMapping-Mapped URL path [/v2/api-docs] onto method [public org.springframework.http.ResponseEntity<springfox.documentation.spring.web.json.Json> springfox.documentation.swagger2.web.Swagger2Controller.getDocumentation(java.lang.String,javax.servlet.http.HttpServletRequest)]
2019-07-13 22:33:22.864 [main] INFO  o.s.scheduling.concurrent.ThreadPoolTaskExecutor-Initializing ExecutorService 'applicationTaskExecutor'
2019-07-13 22:33:23.510 [main] INFO  s.d.s.web.plugins.DocumentationPluginsBootstrapper-Context refreshed
2019-07-13 22:33:23.549 [main] INFO  s.d.s.web.plugins.DocumentationPluginsBootstrapper-Found 1 custom documentation plugin(s)
2019-07-13 22:33:23.589 [main] INFO  s.d.spring.web.scanners.ApiListingReferenceScanner-Scanning for api listing references
2019-07-13 22:33:23.822 [main] INFO  com.example.ming.MingApplicationTests-Started MingApplicationTests in 3.948 seconds (JVM running for 4.756)
2019-07-13 22:33:24.065 [Thread-2] INFO  o.s.scheduling.concurrent.ThreadPoolTaskExecutor-Shutting down ExecutorService 'applicationTaskExecutor'
2019-07-13 23:52:49.569 [main] INFO  o.s.b.t.context.SpringBootTestContextBootstrapper-Neither @ContextConfiguration nor @ContextHierarchy found for test class [com.example.ming.MingApplicationTests], using SpringBootContextLoader
2019-07-13 23:52:49.576 [main] INFO  o.s.test.context.support.AbstractContextLoader-Could not detect default resource locations for test class [com.example.ming.MingApplicationTests]: no resource found for suffixes {-context.xml, Context.groovy}.
2019-07-13 23:52:49.577 [main] INFO  o.s.t.c.support.AnnotationConfigContextLoaderUtils-Could not detect default configuration classes for test class [com.example.ming.MingApplicationTests]: MingApplicationTests does not declare any static, non-private, non-final, nested classes annotated with @Configuration.
2019-07-13 23:52:49.711 [main] INFO  o.s.b.t.context.SpringBootTestContextBootstrapper-Found @SpringBootConfiguration com.example.ming.MingApplication for test class com.example.ming.MingApplicationTests
2019-07-13 23:52:49.863 [main] INFO  o.s.b.t.context.SpringBootTestContextBootstrapper-Loaded default TestExecutionListener class names from location [META-INF/spring.factories]: [org.springframework.boot.test.mock.mockito.MockitoTestExecutionListener, org.springframework.boot.test.mock.mockito.ResetMocksTestExecutionListener, org.springframework.boot.test.autoconfigure.restdocs.RestDocsTestExecutionListener, org.springframework.boot.test.autoconfigure.web.client.MockRestServiceServerResetTestExecutionListener, org.springframework.boot.test.autoconfigure.web.servlet.MockMvcPrintOnlyOnFailureTestExecutionListener, org.springframework.boot.test.autoconfigure.web.servlet.WebDriverTestExecutionListener, org.springframework.test.context.web.ServletTestExecutionListener, org.springframework.test.context.support.DirtiesContextBeforeModesTestExecutionListener, org.springframework.test.context.support.DependencyInjectionTestExecutionListener, org.springframework.test.context.support.DirtiesContextTestExecutionListener, org.springframework.test.context.transaction.TransactionalTestExecutionListener, org.springframework.test.context.jdbc.SqlScriptsTestExecutionListener]
2019-07-13 23:52:49.886 [main] INFO  o.s.b.t.context.SpringBootTestContextBootstrapper-Using TestExecutionListeners: [org.springframework.test.context.web.ServletTestExecutionListener@a3d8174, org.springframework.test.context.support.DirtiesContextBeforeModesTestExecutionListener@1ba9117e, org.springframework.boot.test.mock.mockito.MockitoTestExecutionListener@732c2a62, org.springframework.boot.test.autoconfigure.SpringBootDependencyInjectionTestExecutionListener@272ed83b, org.springframework.test.context.support.DirtiesContextTestExecutionListener@41fecb8b, org.springframework.test.context.transaction.TransactionalTestExecutionListener@120f102b, org.springframework.test.context.jdbc.SqlScriptsTestExecutionListener@625732, org.springframework.boot.test.mock.mockito.ResetMocksTestExecutionListener@51dcb805, org.springframework.boot.test.autoconfigure.restdocs.RestDocsTestExecutionListener@66498326, org.springframework.boot.test.autoconfigure.web.client.MockRestServiceServerResetTestExecutionListener@cad498c, org.springframework.boot.test.autoconfigure.web.servlet.MockMvcPrintOnlyOnFailureTestExecutionListener@1e6454ec, org.springframework.boot.test.autoconfigure.web.servlet.WebDriverTestExecutionListener@2accdbb5]
2019-07-13 23:52:50.310 [main] INFO  com.example.ming.MingApplicationTests-Starting MingApplicationTests on DESKTOP-PU4QPIV with PID 6000 (started by nikekun in F:\ming)
2019-07-13 23:52:50.310 [main] INFO  com.example.ming.MingApplicationTests-The following profiles are active: test
2019-07-13 23:52:51.377 [main] WARN  org.mybatis.spring.mapper.ClassPathMapperScanner-No MyBatis mapper was found in '[com.example.ming]' package. Please check your configuration.
2019-07-13 23:52:51.808 [main] INFO  o.s.c.s.PostProcessorRegistrationDelegate$BeanPostProcessorChecker-Bean 'org.springframework.transaction.annotation.ProxyTransactionManagementConfiguration' of type [org.springframework.transaction.annotation.ProxyTransactionManagementConfiguration$$EnhancerBySpringCGLIB$$9134b211] is not eligible for getting processed by all BeanPostProcessors (for example: not eligible for auto-proxying)
2019-07-13 23:52:52.441 [main] INFO  s.d.s.w.PropertySourcedRequestMappingHandlerMapping-Mapped URL path [/v2/api-docs] onto method [public org.springframework.http.ResponseEntity<springfox.documentation.spring.web.json.Json> springfox.documentation.swagger2.web.Swagger2Controller.getDocumentation(java.lang.String,javax.servlet.http.HttpServletRequest)]
2019-07-13 23:52:53.026 [main] INFO  o.s.scheduling.concurrent.ThreadPoolTaskExecutor-Initializing ExecutorService 'applicationTaskExecutor'
2019-07-13 23:52:53.644 [main] INFO  s.d.s.web.plugins.DocumentationPluginsBootstrapper-Context refreshed
2019-07-13 23:52:53.674 [main] INFO  s.d.s.web.plugins.DocumentationPluginsBootstrapper-Found 1 custom documentation plugin(s)
2019-07-13 23:52:53.712 [main] INFO  s.d.spring.web.scanners.ApiListingReferenceScanner-Scanning for api listing references
2019-07-13 23:52:53.922 [main] INFO  com.example.ming.MingApplicationTests-Started MingApplicationTests in 3.983 seconds (JVM running for 5.035)
2019-07-13 23:52:54.259 [Thread-2] INFO  o.s.scheduling.concurrent.ThreadPoolTaskExecutor-Shutting down ExecutorService 'applicationTaskExecutor'
2019-07-13 23:53:07.134 [main] INFO  o.s.b.t.context.SpringBootTestContextBootstrapper-Neither @ContextConfiguration nor @ContextHierarchy found for test class [com.example.ming.MingApplicationTests], using SpringBootContextLoader
2019-07-13 23:53:07.140 [main] INFO  o.s.test.context.support.AbstractContextLoader-Could not detect default resource locations for test class [com.example.ming.MingApplicationTests]: no resource found for suffixes {-context.xml, Context.groovy}.
2019-07-13 23:53:07.141 [main] INFO  o.s.t.c.support.AnnotationConfigContextLoaderUtils-Could not detect default configuration classes for test class [com.example.ming.MingApplicationTests]: MingApplicationTests does not declare any static, non-private, non-final, nested classes annotated with @Configuration.
2019-07-13 23:53:07.236 [main] INFO  o.s.b.t.context.SpringBootTestContextBootstrapper-Found @SpringBootConfiguration com.example.ming.MingApplication for test class com.example.ming.MingApplicationTests
2019-07-13 23:53:07.331 [main] INFO  o.s.b.t.context.SpringBootTestContextBootstrapper-Loaded default TestExecutionListener class names from location [META-INF/spring.factories]: [org.springframework.boot.test.mock.mockito.MockitoTestExecutionListener, org.springframework.boot.test.mock.mockito.ResetMocksTestExecutionListener, org.springframework.boot.test.autoconfigure.restdocs.RestDocsTestExecutionListener, org.springframework.boot.test.autoconfigure.web.client.MockRestServiceServerResetTestExecutionListener, org.springframework.boot.test.autoconfigure.web.servlet.MockMvcPrintOnlyOnFailureTestExecutionListener, org.springframework.boot.test.autoconfigure.web.servlet.WebDriverTestExecutionListener, org.springframework.test.context.web.ServletTestExecutionListener, org.springframework.test.context.support.DirtiesContextBeforeModesTestExecutionListener, org.springframework.test.context.support.DependencyInjectionTestExecutionListener, org.springframework.test.context.support.DirtiesContextTestExecutionListener, org.springframework.test.context.transaction.TransactionalTestExecutionListener, org.springframework.test.context.jdbc.SqlScriptsTestExecutionListener]
2019-07-13 23:53:07.345 [main] INFO  o.s.b.t.context.SpringBootTestContextBootstrapper-Using TestExecutionListeners: [org.springframework.test.context.web.ServletTestExecutionListener@a3d8174, org.springframework.test.context.support.DirtiesContextBeforeModesTestExecutionListener@1ba9117e, org.springframework.boot.test.mock.mockito.MockitoTestExecutionListener@732c2a62, org.springframework.boot.test.autoconfigure.SpringBootDependencyInjectionTestExecutionListener@272ed83b, org.springframework.test.context.support.DirtiesContextTestExecutionListener@41fecb8b, org.springframework.test.context.transaction.TransactionalTestExecutionListener@120f102b, org.springframework.test.context.jdbc.SqlScriptsTestExecutionListener@625732, org.springframework.boot.test.mock.mockito.ResetMocksTestExecutionListener@51dcb805, org.springframework.boot.test.autoconfigure.restdocs.RestDocsTestExecutionListener@66498326, org.springframework.boot.test.autoconfigure.web.client.MockRestServiceServerResetTestExecutionListener@cad498c, org.springframework.boot.test.autoconfigure.web.servlet.MockMvcPrintOnlyOnFailureTestExecutionListener@1e6454ec, org.springframework.boot.test.autoconfigure.web.servlet.WebDriverTestExecutionListener@2accdbb5]
2019-07-13 23:53:07.684 [main] INFO  com.example.ming.MingApplicationTests-Starting MingApplicationTests on DESKTOP-PU4QPIV with PID 248 (started by nikekun in F:\ming)
2019-07-13 23:53:07.684 [main] INFO  com.example.ming.MingApplicationTests-The following profiles are active: test
2019-07-13 23:53:08.728 [main] WARN  org.mybatis.spring.mapper.ClassPathMapperScanner-No MyBatis mapper was found in '[com.example.ming]' package. Please check your configuration.
2019-07-13 23:53:09.067 [main] INFO  o.s.c.s.PostProcessorRegistrationDelegate$BeanPostProcessorChecker-Bean 'org.springframework.transaction.annotation.ProxyTransactionManagementConfiguration' of type [org.springframework.transaction.annotation.ProxyTransactionManagementConfiguration$$EnhancerBySpringCGLIB$$9134b211] is not eligible for getting processed by all BeanPostProcessors (for example: not eligible for auto-proxying)
2019-07-13 23:53:09.662 [main] INFO  s.d.s.w.PropertySourcedRequestMappingHandlerMapping-Mapped URL path [/v2/api-docs] onto method [public org.springframework.http.ResponseEntity<springfox.documentation.spring.web.json.Json> springfox.documentation.swagger2.web.Swagger2Controller.getDocumentation(java.lang.String,javax.servlet.http.HttpServletRequest)]
2019-07-13 23:53:10.172 [main] INFO  o.s.scheduling.concurrent.ThreadPoolTaskExecutor-Initializing ExecutorService 'applicationTaskExecutor'
2019-07-13 23:53:10.819 [main] INFO  s.d.s.web.plugins.DocumentationPluginsBootstrapper-Context refreshed
2019-07-13 23:53:10.846 [main] INFO  s.d.s.web.plugins.DocumentationPluginsBootstrapper-Found 1 custom documentation plugin(s)
2019-07-13 23:53:10.878 [main] INFO  s.d.spring.web.scanners.ApiListingReferenceScanner-Scanning for api listing references
2019-07-13 23:53:11.079 [main] INFO  com.example.ming.MingApplicationTests-Started MingApplicationTests in 3.703 seconds (JVM running for 4.483)
2019-07-13 23:53:11.325 [Thread-2] INFO  o.s.scheduling.concurrent.ThreadPoolTaskExecutor-Shutting down ExecutorService 'applicationTaskExecutor'
